{
  "RSpec": {
    "coverage": {
      "/Users/yehanzhang/Desktop/RGT/lib/rgt.rb": {
        "lines": [
          null,
          1,
          1,
          1,
          1,
          null,
          1,
          1,
          1,
          null,
          null,
          1,
          1,
          1,
          1,
          null,
          null,
          null,
          1,
          null,
          null,
          null,
          null,
          1,
          null,
          1,
          1,
          null,
          1,
          null,
          null,
          null,
          null,
          null,
          null,
          null,
          null,
          1,
          15,
          3,
          3,
          3,
          3,
          null,
          null,
          1,
          null,
          1,
          3,
          null,
          null,
          1,
          3,
          3,
          null,
          null,
          1,
          3,
          null,
          null,
          null
        ]
      },
      "/Users/yehanzhang/Desktop/RGT/lib/rgt_api.rb": {
        "lines": [
          null,
          null,
          1,
          1,
          1,
          3,
          3,
          null,
          null,
          1,
          3,
          null,
          null,
          null
        ]
      }
    },
    "timestamp": 1666442279
  }
}
